<?xml version="1.0" encoding="UTF-8"?>
<!-- Generated by org.testng.reporters.JUnitReportReporter -->
<testsuite hostname="DESKTOP-J87P7FE" failures="0" tests="2" name="testes.JSTests" time="16.498" errors="0" timestamp="2023-07-31T12:30:24 CEST" skipped="0">
  <testcase classname="testes.JSTests" name="jsTest" time="7.877"/>
  <testcase classname="testes.JSTests" name="actionTest1" time="8.621"/>
</testsuite> <!-- testes.JSTests -->
