<?xml version="1.0" encoding="UTF-8"?>
<!-- Generated by org.testng.reporters.JUnitReportReporter -->
<testsuite hostname="DESKTOP-J87P7FE" failures="0" tests="1" name="testes.FrameTests" time="3.028" errors="0" timestamp="2023-07-31T12:30:24 CEST" skipped="0">
  <testcase classname="testes.FrameTests" name="frameTest" time="3.028"/>
</testsuite> <!-- testes.FrameTests -->
