<?xml version="1.0" encoding="UTF-8"?>
<!-- Generated by org.testng.reporters.JUnitReportReporter -->
<testsuite hostname="DESKTOP-J87P7FE" failures="0" tests="3" name="testes.AlertTests" time="16.140" errors="0" timestamp="2023-07-31T14:08:41 CEST" skipped="0">
  <testcase classname="testes.AlertTests" name="infoAlertTest" time="2.701"/>
  <testcase classname="testes.AlertTests" name="promptAlertTest" time="7.727"/>
  <testcase classname="testes.AlertTests" name="confirmAlertTest" time="5.712"/>
</testsuite> <!-- testes.AlertTests -->
