<?xml version="1.0" encoding="UTF-8"?>
<!-- Generated by org.testng.reporters.JUnitReportReporter -->
<testsuite hostname="DESKTOP-J87P7FE" failures="0" tests="3" name="testes.Alert2Tests" time="16.016" errors="0" timestamp="2023-07-31T14:08:41 CEST" skipped="0">
  <testcase classname="testes.Alert2Tests" name="confirmAlertTest" time="5.629"/>
  <testcase classname="testes.Alert2Tests" name="infoAlertTest" time="2.822"/>
  <testcase classname="testes.Alert2Tests" name="promptAlertTest" time="7.565"/>
</testsuite> <!-- testes.Alert2Tests -->
