<?xml version="1.0" encoding="UTF-8"?>
<!-- Generated by org.testng.reporters.JUnitReportReporter -->
<testsuite hostname="DESKTOP-J87P7FE" failures="0" tests="2" name="testes.JSTests" time="16.293" errors="0" timestamp="2023-07-31T14:08:41 CEST" skipped="0">
  <testcase classname="testes.JSTests" name="jsTest" time="7.769"/>
  <testcase classname="testes.JSTests" name="actionTest1" time="8.524"/>
</testsuite> <!-- testes.JSTests -->
